{"C:\\Users\\Thiago\\projects\\yellot\\App.js": {"path":"C:\\Users\\Thiago\\projects\\yellot\\App.js","statementMap":{"0":{"start":{"line":7,"column":2},"end":{"line":15,"column":4}}},"fnMap":{"0":{"name":"App","decl":{"start":{"line":6,"column":24},"end":{"line":6,"column":27}},"loc":{"start":{"line":6,"column":30},"end":{"line":16,"column":1}},"line":6}},"branchMap":{},"s":{"0":0},"f":{"0":0},"b":{}}
,"C:\\Users\\Thiago\\projects\\yellot\\src\\components\\Home\\Banner\\styles.js": {"path":"C:\\Users\\Thiago\\projects\\yellot\\src\\components\\Home\\Banner\\styles.js","statementMap":{"0":{"start":{"line":3,"column":22},"end":{"line":19,"column":2}}},"fnMap":{},"branchMap":{},"s":{"0":0},"f":{},"b":{}}
,"C:\\Users\\Thiago\\projects\\yellot\\src\\components\\Home\\Totals\\styles.js": {"path":"C:\\Users\\Thiago\\projects\\yellot\\src\\components\\Home\\Totals\\styles.js","statementMap":{"0":{"start":{"line":4,"column":21},"end":{"line":43,"column":2}}},"fnMap":{},"branchMap":{},"s":{"0":0},"f":{},"b":{}}
,"C:\\Users\\Thiago\\projects\\yellot\\src\\components\\Loading\\styles.js": {"path":"C:\\Users\\Thiago\\projects\\yellot\\src\\components\\Loading\\styles.js","statementMap":{"0":{"start":{"line":3,"column":22},"end":{"line":15,"column":2}}},"fnMap":{},"branchMap":{},"s":{"0":0},"f":{},"b":{}}
,"C:\\Users\\Thiago\\projects\\yellot\\src\\components\\Navigation\\index.js": {"path":"C:\\Users\\Thiago\\projects\\yellot\\src\\components\\Navigation\\index.js","statementMap":{"0":{"start":{"line":11,"column":12},"end":{"line":11,"column":38}},"1":{"start":{"line":13,"column":13},"end":{"line":105,"column":1}},"2":{"start":{"line":14,"column":45},"end":{"line":14,"column":64}},"3":{"start":{"line":15,"column":2},"end":{"line":104,"column":4}},"4":{"start":{"line":37,"column":12},"end":{"line":48,"column":19}},"5":{"start":{"line":58,"column":12},"end":{"line":78,"column":19}},"6":{"start":{"line":88,"column":12},"end":{"line":99,"column":19}}},"fnMap":{"0":{"name":"(anonymous_0)","decl":{"start":{"line":13,"column":13},"end":{"line":13,"column":14}},"loc":{"start":{"line":13,"column":19},"end":{"line":105,"column":1}},"line":13},"1":{"name":"(anonymous_1)","decl":{"start":{"line":36,"column":22},"end":{"line":36,"column":23}},"loc":{"start":{"line":37,"column":12},"end":{"line":48,"column":19}},"line":37},"2":{"name":"(anonymous_2)","decl":{"start":{"line":57,"column":22},"end":{"line":57,"column":23}},"loc":{"start":{"line":58,"column":12},"end":{"line":78,"column":19}},"line":58},"3":{"name":"(anonymous_3)","decl":{"start":{"line":87,"column":22},"end":{"line":87,"column":23}},"loc":{"start":{"line":88,"column":12},"end":{"line":99,"column":19}},"line":88}},"branchMap":{"0":{"loc":{"start":{"line":41,"column":23},"end":{"line":41,"column":53}},"type":"cond-expr","locations":[{"start":{"line":41,"column":33},"end":{"line":41,"column":40}},{"start":{"line":41,"column":43},"end":{"line":41,"column":53}}],"line":41},"1":{"loc":{"start":{"line":44,"column":46},"end":{"line":44,"column":76}},"type":"cond-expr","locations":[{"start":{"line":44,"column":56},"end":{"line":44,"column":63}},{"start":{"line":44,"column":66},"end":{"line":44,"column":76}}],"line":44},"2":{"loc":{"start":{"line":62,"column":18},"end":{"line":62,"column":48}},"type":"cond-expr","locations":[{"start":{"line":62,"column":28},"end":{"line":62,"column":35}},{"start":{"line":62,"column":38},"end":{"line":62,"column":48}}],"line":62},"3":{"loc":{"start":{"line":63,"column":18},"end":{"line":63,"column":50}},"type":"cond-expr","locations":[{"start":{"line":63,"column":28},"end":{"line":63,"column":37}},{"start":{"line":63,"column":40},"end":{"line":63,"column":50}}],"line":63},"4":{"loc":{"start":{"line":73,"column":27},"end":{"line":73,"column":57}},"type":"cond-expr","locations":[{"start":{"line":73,"column":37},"end":{"line":73,"column":44}},{"start":{"line":73,"column":47},"end":{"line":73,"column":57}}],"line":73},"5":{"loc":{"start":{"line":92,"column":23},"end":{"line":92,"column":53}},"type":"cond-expr","locations":[{"start":{"line":92,"column":33},"end":{"line":92,"column":40}},{"start":{"line":92,"column":43},"end":{"line":92,"column":53}}],"line":92},"6":{"loc":{"start":{"line":95,"column":46},"end":{"line":95,"column":76}},"type":"cond-expr","locations":[{"start":{"line":95,"column":56},"end":{"line":95,"column":63}},{"start":{"line":95,"column":66},"end":{"line":95,"column":76}}],"line":95}},"s":{"0":0,"1":0,"2":0,"3":0,"4":0,"5":0,"6":0},"f":{"0":0,"1":0,"2":0,"3":0},"b":{"0":[0,0],"1":[0,0],"2":[0,0],"3":[0,0],"4":[0,0],"5":[0,0],"6":[0,0]}}
,"C:\\Users\\Thiago\\projects\\yellot\\src\\components\\Navigation\\styles.js": {"path":"C:\\Users\\Thiago\\projects\\yellot\\src\\components\\Navigation\\styles.js","statementMap":{"0":{"start":{"line":3,"column":22},"end":{"line":36,"column":2}}},"fnMap":{},"branchMap":{},"s":{"0":0},"f":{},"b":{}}
,"C:\\Users\\Thiago\\projects\\yellot\\src\\components\\Stats\\Chart\\styles.js": {"path":"C:\\Users\\Thiago\\projects\\yellot\\src\\components\\Stats\\Chart\\styles.js","statementMap":{"0":{"start":{"line":4,"column":22},"end":{"line":29,"column":2}}},"fnMap":{},"branchMap":{},"s":{"0":0},"f":{},"b":{}}
,"C:\\Users\\Thiago\\projects\\yellot\\src\\components\\Stats\\Period\\styles.js": {"path":"C:\\Users\\Thiago\\projects\\yellot\\src\\components\\Stats\\Period\\styles.js","statementMap":{"0":{"start":{"line":4,"column":22},"end":{"line":38,"column":2}}},"fnMap":{},"branchMap":{},"s":{"0":0},"f":{},"b":{}}
,"C:\\Users\\Thiago\\projects\\yellot\\src\\hooks\\useGetData\\index.js": {"path":"C:\\Users\\Thiago\\projects\\yellot\\src\\hooks\\useGetData\\index.js","statementMap":{"0":{"start":{"line":5,"column":25},"end":{"line":25,"column":1}},"1":{"start":{"line":6,"column":26},"end":{"line":6,"column":38}},"2":{"start":{"line":7,"column":32},"end":{"line":7,"column":47}},"3":{"start":{"line":9,"column":20},"end":{"line":20,"column":3}},"4":{"start":{"line":10,"column":4},"end":{"line":10,"column":21}},"5":{"start":{"line":11,"column":4},"end":{"line":19,"column":40}},"6":{"start":{"line":14,"column":8},"end":{"line":14,"column":32}},"7":{"start":{"line":17,"column":8},"end":{"line":17,"column":25}},"8":{"start":{"line":19,"column":21},"end":{"line":19,"column":38}},"9":{"start":{"line":22,"column":2},"end":{"line":22,"column":41}},"10":{"start":{"line":22,"column":18},"end":{"line":22,"column":29}},"11":{"start":{"line":24,"column":2},"end":{"line":24,"column":36}}},"fnMap":{"0":{"name":"(anonymous_0)","decl":{"start":{"line":5,"column":25},"end":{"line":5,"column":26}},"loc":{"start":{"line":5,"column":37},"end":{"line":25,"column":1}},"line":5},"1":{"name":"(anonymous_1)","decl":{"start":{"line":9,"column":20},"end":{"line":9,"column":21}},"loc":{"start":{"line":9,"column":26},"end":{"line":20,"column":3}},"line":9},"2":{"name":"(anonymous_2)","decl":{"start":{"line":13,"column":12},"end":{"line":13,"column":13}},"loc":{"start":{"line":13,"column":21},"end":{"line":15,"column":7}},"line":13},"3":{"name":"(anonymous_3)","decl":{"start":{"line":16,"column":13},"end":{"line":16,"column":14}},"loc":{"start":{"line":16,"column":22},"end":{"line":18,"column":7}},"line":16},"4":{"name":"(anonymous_4)","decl":{"start":{"line":19,"column":15},"end":{"line":19,"column":16}},"loc":{"start":{"line":19,"column":21},"end":{"line":19,"column":38}},"line":19},"5":{"name":"(anonymous_5)","decl":{"start":{"line":22,"column":12},"end":{"line":22,"column":13}},"loc":{"start":{"line":22,"column":18},"end":{"line":22,"column":29}},"line":22}},"branchMap":{},"s":{"0":0,"1":0,"2":0,"3":0,"4":0,"5":0,"6":0,"7":0,"8":0,"9":0,"10":0,"11":0},"f":{"0":0,"1":0,"2":0,"3":0,"4":0,"5":0},"b":{}}
,"C:\\Users\\Thiago\\projects\\yellot\\src\\screens\\Settings\\styles.js": {"path":"C:\\Users\\Thiago\\projects\\yellot\\src\\screens\\Settings\\styles.js","statementMap":{"0":{"start":{"line":4,"column":22},"end":{"line":42,"column":2}}},"fnMap":{},"branchMap":{},"s":{"0":0},"f":{},"b":{}}
,"C:\\Users\\Thiago\\projects\\yellot\\src\\services\\api.js": {"path":"C:\\Users\\Thiago\\projects\\yellot\\src\\services\\api.js","statementMap":{"0":{"start":{"line":3,"column":12},"end":{"line":28,"column":1}},"1":{"start":{"line":4,"column":19},"end":{"line":12,"column":4}},"2":{"start":{"line":14,"column":2},"end":{"line":17,"column":5}},"3":{"start":{"line":15,"column":4},"end":{"line":15,"column":81}},"4":{"start":{"line":16,"column":4},"end":{"line":16,"column":18}},"5":{"start":{"line":19,"column":2},"end":{"line":25,"column":4}},"6":{"start":{"line":20,"column":16},"end":{"line":20,"column":22}},"7":{"start":{"line":22,"column":6},"end":{"line":22,"column":35}},"8":{"start":{"line":23,"column":6},"end":{"line":23,"column":35}},"9":{"start":{"line":27,"column":2},"end":{"line":27,"column":18}}},"fnMap":{"0":{"name":"(anonymous_0)","decl":{"start":{"line":3,"column":12},"end":{"line":3,"column":13}},"loc":{"start":{"line":3,"column":18},"end":{"line":28,"column":1}},"line":3},"1":{"name":"(anonymous_1)","decl":{"start":{"line":14,"column":36},"end":{"line":14,"column":37}},"loc":{"start":{"line":14,"column":54},"end":{"line":17,"column":3}},"line":14},"2":{"name":"(anonymous_2)","decl":{"start":{"line":20,"column":4},"end":{"line":20,"column":5}},"loc":{"start":{"line":20,"column":16},"end":{"line":20,"column":22}},"line":20},"3":{"name":"(anonymous_3)","decl":{"start":{"line":21,"column":4},"end":{"line":21,"column":5}},"loc":{"start":{"line":21,"column":15},"end":{"line":24,"column":5}},"line":21}},"branchMap":{},"s":{"0":0,"1":0,"2":0,"3":0,"4":0,"5":0,"6":0,"7":0,"8":0,"9":0},"f":{"0":0,"1":0,"2":0,"3":0},"b":{}}
,"C:\\Users\\Thiago\\projects\\yellot\\src\\services\\info.services.js": {"path":"C:\\Users\\Thiago\\projects\\yellot\\src\\services\\info.services.js","statementMap":{"0":{"start":{"line":3,"column":20},"end":{"line":4,"column":47}},"1":{"start":{"line":4,"column":2},"end":{"line":4,"column":47}},"2":{"start":{"line":6,"column":27},"end":{"line":8,"column":1}}},"fnMap":{"0":{"name":"(anonymous_0)","decl":{"start":{"line":3,"column":20},"end":{"line":3,"column":21}},"loc":{"start":{"line":4,"column":2},"end":{"line":4,"column":47}},"line":4}},"branchMap":{"0":{"loc":{"start":{"line":3,"column":27},"end":{"line":3,"column":43}},"type":"default-arg","locations":[{"start":{"line":3,"column":36},"end":{"line":3,"column":43}}],"line":3}},"s":{"0":0,"1":0,"2":0},"f":{"0":0},"b":{"0":[0]}}
,"C:\\Users\\Thiago\\projects\\yellot\\src\\store\\index.js": {"path":"C:\\Users\\Thiago\\projects\\yellot\\src\\store\\index.js","statementMap":{"0":{"start":{"line":3,"column":18},"end":{"line":3,"column":33}},"1":{"start":{"line":5,"column":31},"end":{"line":10,"column":1}},"2":{"start":{"line":6,"column":46},"end":{"line":6,"column":65}},"3":{"start":{"line":7,"column":17},"end":{"line":7,"column":52}},"4":{"start":{"line":9,"column":2},"end":{"line":9,"column":76}},"5":{"start":{"line":12,"column":26},"end":{"line":12,"column":53}},"6":{"start":{"line":12,"column":32},"end":{"line":12,"column":53}}},"fnMap":{"0":{"name":"(anonymous_0)","decl":{"start":{"line":5,"column":31},"end":{"line":5,"column":32}},"loc":{"start":{"line":5,"column":49},"end":{"line":10,"column":1}},"line":5},"1":{"name":"(anonymous_1)","decl":{"start":{"line":12,"column":26},"end":{"line":12,"column":27}},"loc":{"start":{"line":12,"column":32},"end":{"line":12,"column":53}},"line":12}},"branchMap":{},"s":{"0":0,"1":0,"2":0,"3":0,"4":0,"5":0,"6":0},"f":{"0":0,"1":0},"b":{}}
,"C:\\Users\\Thiago\\projects\\yellot\\src\\styles\\globalStyles.js": {"path":"C:\\Users\\Thiago\\projects\\yellot\\src\\styles\\globalStyles.js","statementMap":{"0":{"start":{"line":3,"column":28},"end":{"line":25,"column":2}}},"fnMap":{},"branchMap":{},"s":{"0":0},"f":{},"b":{}}
,"C:\\Users\\Thiago\\projects\\yellot\\src\\utils\\handleDataArray.js": {"path":"C:\\Users\\Thiago\\projects\\yellot\\src\\utils\\handleDataArray.js","statementMap":{"0":{"start":{"line":4,"column":31},"end":{"line":30,"column":1}},"1":{"start":{"line":5,"column":17},"end":{"line":5,"column":19}},"2":{"start":{"line":7,"column":2},"end":{"line":26,"column":5}},"3":{"start":{"line":8,"column":4},"end":{"line":17,"column":7}},"4":{"start":{"line":19,"column":4},"end":{"line":25,"column":5}},"5":{"start":{"line":20,"column":6},"end":{"line":24,"column":9}},"6":{"start":{"line":28,"column":2},"end":{"line":28,"column":36}},"7":{"start":{"line":29,"column":2},"end":{"line":29,"column":25}}},"fnMap":{"0":{"name":"(anonymous_0)","decl":{"start":{"line":4,"column":31},"end":{"line":4,"column":32}},"loc":{"start":{"line":4,"column":73},"end":{"line":30,"column":1}},"line":4},"1":{"name":"(anonymous_1)","decl":{"start":{"line":7,"column":28},"end":{"line":7,"column":29}},"loc":{"start":{"line":7,"column":38},"end":{"line":26,"column":3}},"line":7}},"branchMap":{"0":{"loc":{"start":{"line":11,"column":8},"end":{"line":15,"column":54}},"type":"cond-expr","locations":[{"start":{"line":12,"column":12},"end":{"line":12,"column":55}},{"start":{"line":13,"column":12},"end":{"line":15,"column":54}}],"line":11},"1":{"loc":{"start":{"line":13,"column":12},"end":{"line":15,"column":54}},"type":"cond-expr","locations":[{"start":{"line":14,"column":12},"end":{"line":14,"column":55}},{"start":{"line":15,"column":12},"end":{"line":15,"column":54}}],"line":13},"2":{"loc":{"start":{"line":19,"column":4},"end":{"line":25,"column":5}},"type":"if","locations":[{"start":{"line":19,"column":4},"end":{"line":25,"column":5}},{"start":{},"end":{}}],"line":19},"3":{"loc":{"start":{"line":21,"column":15},"end":{"line":21,"column":39}},"type":"binary-expr","locations":[{"start":{"line":21,"column":15},"end":{"line":21,"column":34}},{"start":{"line":21,"column":38},"end":{"line":21,"column":39}}],"line":21}},"s":{"0":0,"1":0,"2":0,"3":0,"4":0,"5":0,"6":0,"7":0},"f":{"0":0,"1":0},"b":{"0":[0,0],"1":[0,0],"2":[0,0],"3":[0,0]}}
}
